wikitude-sdk-samples/build/outputs/logs/manifest-merger-debug-report.txt
-- Merging decision tree log ---
manifest
ADDED from src\main\AndroidManifest.xml:2:1-92:12
	package
		ADDED from src\main\AndroidManifest.xml:3:5-38
		INJECTED from src\main\AndroidManifest.xml
		INJECTED from src\main\AndroidManifest.xml
	android:versionName
		ADDED from src\main\AndroidManifest.xml:5:5-32
		INJECTED from src\main\AndroidManifest.xml
		INJECTED from src\main\AndroidManifest.xml
	android:versionCode
		ADDED from src\main\AndroidManifest.xml:4:5-31
		INJECTED from src\main\AndroidManifest.xml
		INJECTED from src\main\AndroidManifest.xml
	xmlns:android
		ADDED from src\main\AndroidManifest.xml:2:11-69
	android:installLocation
		ADDED from src\main\AndroidManifest.xml:6:5-35
uses-permission#android.permission.INTERNET
ADDED from src\main\AndroidManifest.xml:8:5-67
	android:name
		ADDED from src\main\AndroidManifest.xml:8:22-64
uses-permission#android.permission.ACCESS_COARSE_LOCATION
ADDED from src\main\AndroidManifest.xml:9:5-81
	android:name
		ADDED from src\main\AndroidManifest.xml:9:22-78
uses-permission#android.permission.ACCESS_FINE_LOCATION
ADDED from src\main\AndroidManifest.xml:10:5-79
	android:name
		ADDED from src\main\AndroidManifest.xml:10:22-76
uses-permission#android.permission.ACCESS_NETWORK_STATE
ADDED from src\main\AndroidManifest.xml:11:5-79
	android:name
		ADDED from src\main\AndroidManifest.xml:11:22-76
uses-permission#android.permission.ACCESS_WIFI_STATE
ADDED from src\main\AndroidManifest.xml:12:5-76
	android:name
		ADDED from src\main\AndroidManifest.xml:12:22-73
uses-permission#android.permission.ACCESS_GPS
ADDED from src\main\AndroidManifest.xml:13:5-69
	android:name
		ADDED from src\main\AndroidManifest.xml:13:22-66
uses-permission#android.permission.CAMERA
ADDED from src\main\AndroidManifest.xml:14:5-65
	android:name
		ADDED from src\main\AndroidManifest.xml:14:22-62
uses-permission#android.permission.WRITE_EXTERNAL_STORAGE
ADDED from src\main\AndroidManifest.xml:15:5-81
	android:name
		ADDED from src\main\AndroidManifest.xml:15:22-78
uses-feature#0x00020000
ADDED from src\main\AndroidManifest.xml:18:5-78
	android:glEsVersion
		ADDED from src\main\AndroidManifest.xml:18:19-51
	android:required
		ADDED from src\main\AndroidManifest.xml:18:52-75
uses-feature#android.hardware.camera
ADDED from src\main\AndroidManifest.xml:21:2-81
	android:required
		ADDED from src\main\AndroidManifest.xml:21:55-78
	android:name
		ADDED from src\main\AndroidManifest.xml:21:16-54
uses-feature#android.hardware.location
ADDED from src\main\AndroidManifest.xml:24:2-83
	android:required
		ADDED from src\main\AndroidManifest.xml:24:57-80
	android:name
		ADDED from src\main\AndroidManifest.xml:24:16-56
uses-feature#android.hardware.sensor.accelerometer
ADDED from src\main\AndroidManifest.xml:27:2-95
	android:required
		ADDED from src\main\AndroidManifest.xml:27:69-92
	android:name
		ADDED from src\main\AndroidManifest.xml:27:16-68
uses-feature#android.hardware.sensor.compass
ADDED from src\main\AndroidManifest.xml:30:2-89
	android:required
		ADDED from src\main\AndroidManifest.xml:30:63-86
	android:name
		ADDED from src\main\AndroidManifest.xml:30:16-62
supports-screens
ADDED from src\main\AndroidManifest.xml:33:2-36:35
	android:largeScreens
		ADDED from src\main\AndroidManifest.xml:34:33-60
	android:smallScreens
		ADDED from src\main\AndroidManifest.xml:34:4-32
	android:normalScreens
		ADDED from src\main\AndroidManifest.xml:35:4-32
	android:xlargeScreens
		ADDED from src\main\AndroidManifest.xml:36:4-32
	android:anyDensity
		ADDED from src\main\AndroidManifest.xml:35:33-58
uses-sdk
ADDED from src\main\AndroidManifest.xml:38:5-40:41
MERGED from [:wikitudesdk:] AndroidManifest.xml:7:5-9:41
MERGED from [com.android.support:support-v4:23.1.1] AndroidManifest.xml:20:5-43
	android:targetSdkVersion
		ADDED from src\main\AndroidManifest.xml:40:9-38
		INJECTED from src\main\AndroidManifest.xml
		INJECTED from src\main\AndroidManifest.xml
	android:minSdkVersion
		ADDED from src\main\AndroidManifest.xml:39:9-35
		INJECTED from src\main\AndroidManifest.xml
		INJECTED from src\main\AndroidManifest.xml
application
ADDED from src\main\AndroidManifest.xml:44:5-90:19
MERGED from [:wikitudesdk:] AndroidManifest.xml:11:5-15:19
MERGED from [com.android.support:support-v4:23.1.1] AndroidManifest.xml:22:5-20
	android:label
		ADDED from src\main\AndroidManifest.xml:47:9-41
	android:allowBackup
		ADDED from src\main\AndroidManifest.xml:45:9-35
	android:icon
		ADDED from src\main\AndroidManifest.xml:46:9-45
	android:theme
		ADDED from src\main\AndroidManifest.xml:48:9-40
activity#com.wikitude.samples.MainActivity
ADDED from src\main\AndroidManifest.xml:49:9-57:20
	android:label
		ADDED from src\main\AndroidManifest.xml:51:13-45
	android:name
		ADDED from src\main\AndroidManifest.xml:50:13-61
intent-filter#android.intent.action.MAIN+android.intent.category.LAUNCHER
ADDED from src\main\AndroidManifest.xml:52:13-56:29
action#android.intent.action.MAIN
ADDED from src\main\AndroidManifest.xml:53:17-69
	android:name
		ADDED from src\main\AndroidManifest.xml:53:25-66
category#android.intent.category.LAUNCHER
ADDED from src\main\AndroidManifest.xml:55:17-77
	android:name
		ADDED from src\main\AndroidManifest.xml:55:27-74
activity#com.wikitude.samples.MainSamplesListActivity
ADDED from src\main\AndroidManifest.xml:60:9-80
	android:name
		ADDED from src\main\AndroidManifest.xml:60:19-78
activity#com.wikitude.samples.SamplePoiDetailActivity
ADDED from src\main\AndroidManifest.xml:63:9-80
	android:name
		ADDED from src\main\AndroidManifest.xml:63:19-78
activity#com.wikitude.samples.SampleCamActivity
ADDED from src\main\AndroidManifest.xml:66:9-136
	android:configChanges
		ADDED from src\main\AndroidManifest.xml:66:73-134
	android:name
		ADDED from src\main\AndroidManifest.xml:66:19-72
activity#com.wikitude.samples.SampleCamContentFromNativeActivity
ADDED from src\main\AndroidManifest.xml:67:9-153
	android:configChanges
		ADDED from src\main\AndroidManifest.xml:67:90-151
	android:name
		ADDED from src\main\AndroidManifest.xml:67:19-89
activity#com.wikitude.samples.SampleFrontCamActivity
ADDED from src\main\AndroidManifest.xml:68:9-141
	android:configChanges
		ADDED from src\main\AndroidManifest.xml:68:78-139
	android:name
		ADDED from src\main\AndroidManifest.xml:68:19-77
activity#com.wikitude.samples.SamplePluginActivity
ADDED from src\main\AndroidManifest.xml:69:9-139
	android:configChanges
		ADDED from src\main\AndroidManifest.xml:69:76-137
	android:name
		ADDED from src\main\AndroidManifest.xml:69:19-75
activity#com.wikitude.samples.FaceDetectionPluginActivity
ADDED from src\main\AndroidManifest.xml:70:9-146
	android:configChanges
		ADDED from src\main\AndroidManifest.xml:70:83-144
	android:name
		ADDED from src\main\AndroidManifest.xml:70:19-82
activity#com.wikitude.samples.utils.urllauncher.ARchitectUrlLauncherActivity
ADDED from src\main\AndroidManifest.xml:73:9-75:62
	android:label
		ADDED from src\main\AndroidManifest.xml:75:13-59
	android:name
		ADDED from src\main\AndroidManifest.xml:74:13-95
activity#com.wikitude.samples.utils.urllauncher.ARchitectUrlLauncherCamActivity
ADDED from src\main\AndroidManifest.xml:76:9-79:62
	android:label
		ADDED from src\main\AndroidManifest.xml:79:13-59
	android:configChanges
		ADDED from src\main\AndroidManifest.xml:78:13-59
	android:name
		ADDED from src\main\AndroidManifest.xml:77:13-98
activity#com.wikitude.tools.activities.MediaPlayerActivity
ADDED from src\main\AndroidManifest.xml:82:3-88:14
	android:screenOrientation
		ADDED from src\main\AndroidManifest.xml:83:4-41
	android:name
		ADDED from src\main\AndroidManifest.xml:82:13-77
intent-filter#android.intent.action.VIEW+android.intent.category.DEFAULT
ADDED from src\main\AndroidManifest.xml:84:4-87:20
action#android.intent.action.VIEW
ADDED from src\main\AndroidManifest.xml:85:5-57
	android:name
		ADDED from src\main\AndroidManifest.xml:85:13-54
category#android.intent.category.DEFAULT
ADDED from src\main\AndroidManifest.xml:86:5-64
	android:name
		ADDED from src\main\AndroidManifest.xml:86:15-61
activity#com.wikitude.architect.BrowserActivity
ADDED from [:wikitudesdk:] AndroidManifest.xml:14:9-75
	android:name
		ADDED from [:wikitudesdk:] AndroidManifest.xml:14:19-72